# JRE version: Java(TM) SE Runtime Environment (18.0+36) (build 18+36-2087)
# Java VM: Java HotSpot(TM) 64-Bit Server VM (18+36-2087, mixed mode, sharing, tiered, compressed oops, compressed class ptrs, g1 gc, windows-amd64)
GC Precious Log:
 CardTable entry size: 512
 Card Set container configuration: InlinePtr #cards 4 size 8 Array Of Cards #cards 16 size 48 Howl #buckets 8 coarsen threshold 3686 Howl Bitmap #cards 512 size 80 coarsen threshold 460 Card regions per heap region 1 cards per card region 4096
 CPUs: 12 total, 12 available
 Memory: 14229M
 Large Page Support: Disabled
 NUMA Support: Disabled
 Compressed Oops: Enabled (Zero based)
 Heap Region Size: 2M
 Heap Min Capacity: 8M
 Heap Initial Capacity: 224M
 Heap Max Capacity: 3558M
 Pre-touch: Disabled
 Parallel Workers: 10
 Concurrent Workers: 3
 Concurrent Refinement Workers: 10
 Periodic GC: Disabled
Heap:
 garbage-first heap   total 1193984K, used 301219K [0x0000000721a00000, 0x0000000800000000)
  region size 2048K, 10 young (20480K), 10 survivors (20480K)
 Metaspace       used 60015K, committed 61376K, reserved 1114112K
  class space    used 8166K, committed 8768K, reserved 1048576K
GC Heap History (20 events):
Event: 9.261 GC heap after
{Heap after GC invocations=22 (full 0):
 garbage-first heap   total 499712K, used 133729K [0x0000000721a00000, 0x0000000800000000)
  region size 2048K, 2 young (4096K), 2 survivors (4096K)
 Metaspace       used 40711K, committed 41920K, reserved 1114112K
  class space    used 4989K, committed 5568K, reserved 1048576K
}
Event: 9.656 GC heap before
{Heap before GC invocations=22 (full 0):
 garbage-first heap   total 499712K, used 426593K [0x0000000721a00000, 0x0000000800000000)
  region size 2048K, 145 young (296960K), 2 survivors (4096K)
 Metaspace       used 42452K, committed 43712K, reserved 1114112K
  class space    used 5193K, committed 5760K, reserved 1048576K
}
Event: 9.660 GC heap after
{Heap after GC invocations=23 (full 0):
 garbage-first heap   total 499712K, used 136697K [0x0000000721a00000, 0x0000000800000000)
  region size 2048K, 4 young (8192K), 4 survivors (8192K)
 Metaspace       used 42452K, committed 43712K, reserved 1114112K
  class space    used 5193K, committed 5760K, reserved 1048576K
}
Event: 10.054 GC heap before
{Heap before GC invocations=23 (full 0):
 garbage-first heap   total 499712K, used 427513K [0x0000000721a00000, 0x0000000800000000)
  region size 2048K, 146 young (299008K), 4 survivors (8192K)
 Metaspace       used 44333K, committed 45632K, reserved 1114112K
  class space    used 5462K, committed 6080K, reserved 1048576K
}
Event: 10.060 GC heap after
{Heap after GC invocations=24 (full 0):
 garbage-first heap   total 499712K, used 144629K [0x0000000721a00000, 0x0000000800000000)
  region size 2048K, 8 young (16384K), 8 survivors (16384K)
 Metaspace       used 44333K, committed 45632K, reserved 1114112K
  class space    used 5462K, committed 6080K, reserved 1048576K
}
Event: 10.355 GC heap before
{Heap before GC invocations=24 (full 0):
 garbage-first heap   total 499712K, used 425205K [0x0000000721a00000, 0x0000000800000000)
  region size 2048K, 145 young (296960K), 8 survivors (16384K)
 Metaspace       used 45452K, committed 46720K, reserved 1114112K
  class space    used 5619K, committed 6208K, reserved 1048576K
}
Event: 10.365 GC heap after
{Heap after GC invocations=25 (full 0):
 garbage-first heap   total 499712K, used 156320K [0x0000000721a00000, 0x0000000800000000)
  region size 2048K, 13 young (26624K), 13 survivors (26624K)
 Metaspace       used 45452K, committed 46720K, reserved 1114112K
  class space    used 5619K, committed 6208K, reserved 1048576K
}
Event: 10.572 GC heap before
{Heap before GC invocations=25 (full 0):
 garbage-first heap   total 499712K, used 420512K [0x0000000721a00000, 0x0000000800000000)
  region size 2048K, 142 young (290816K), 13 survivors (26624K)
 Metaspace       used 46102K, committed 47360K, reserved 1114112K
  class space    used 5699K, committed 6272K, reserved 1048576K
}
Event: 10.589 GC heap after
{Heap after GC invocations=26 (full 0):
 garbage-first heap   total 499712K, used 173435K [0x0000000721a00000, 0x0000000800000000)
  region size 2048K, 15 young (30720K), 15 survivors (30720K)
 Metaspace       used 46102K, committed 47360K, reserved 1114112K
  class space    used 5699K, committed 6272K, reserved 1048576K
}
Event: 11.394 GC heap before
{Heap before GC invocations=26 (full 0):
 garbage-first heap   total 499712K, used 413051K [0x0000000721a00000, 0x0000000800000000)
  region size 2048K, 132 young (270336K), 15 survivors (30720K)
 Metaspace       used 54558K, committed 55872K, reserved 1114112K
  class space    used 7094K, committed 7680K, reserved 1048576K
}
Event: 11.416 GC heap after
{Heap after GC invocations=27 (full 0):
 garbage-first heap   total 1193984K, used 200587K [0x0000000721a00000, 0x0000000800000000)
  region size 2048K, 17 young (34816K), 17 survivors (34816K)
 Metaspace       used 54558K, committed 55872K, reserved 1114112K
  class space    used 7094K, committed 7680K, reserved 1048576K
}
Event: 12.005 GC heap before
{Heap before GC invocations=27 (full 0):
 garbage-first heap   total 1193984K, used 882571K [0x0000000721a00000, 0x0000000800000000)
  region size 2048K, 349 young (714752K), 17 survivors (34816K)
 Metaspace       used 58924K, committed 60224K, reserved 1114112K
  class space    used 7985K, committed 8576K, reserved 1048576K
}
Event: 12.059 GC heap after
{Heap after GC invocations=28 (full 0):
 garbage-first heap   total 1193984K, used 279919K [0x0000000721a00000, 0x0000000800000000)
  region size 2048K, 44 young (90112K), 44 survivors (90112K)
 Metaspace       used 58924K, committed 60224K, reserved 1114112K
  class space    used 7985K, committed 8576K, reserved 1048576K
}
Event: 12.139 GC heap before
{Heap before GC invocations=28 (full 0):
 garbage-first heap   total 1193984K, used 527727K [0x0000000721a00000, 0x0000000800000000)
  region size 2048K, 165 young (337920K), 44 survivors (90112K)
 Metaspace       used 59298K, committed 60608K, reserved 1114112K
  class space    used 8042K, committed 8640K, reserved 1048576K
}
Event: 12.175 GC heap after
{Heap after GC invocations=29 (full 0):
 garbage-first heap   total 1193984K, used 300879K [0x0000000721a00000, 0x0000000800000000)
  region size 2048K, 8 young (16384K), 8 survivors (16384K)
 Metaspace       used 59298K, committed 60608K, reserved 1114112K
  class space    used 8042K, committed 8640K, reserved 1048576K
}
Event: 12.257 GC heap before
{Heap before GC invocations=29 (full 0):
 garbage-first heap   total 1193984K, used 909135K [0x0000000721a00000, 0x0000000800000000)
  region size 2048K, 306 young (626688K), 8 survivors (16384K)
 Metaspace       used 59678K, committed 60992K, reserved 1114112K
  class space    used 8102K, committed 8704K, reserved 1048576K
}
Event: 12.264 GC heap after
{Heap after GC invocations=30 (full 0):
 garbage-first heap   total 1193984K, used 302927K [0x0000000721a00000, 0x0000000800000000)
  region size 2048K, 9 young (18432K), 9 survivors (18432K)
 Metaspace       used 59678K, committed 60992K, reserved 1114112K
  class space    used 8102K, committed 8704K, reserved 1048576K
}
Event: 12.334 GC heap before
{Heap before GC invocations=30 (full 0):
 garbage-first heap   total 1193984K, used 937807K [0x0000000721a00000, 0x0000000800000000)
  region size 2048K, 320 young (655360K), 9 survivors (18432K)
 Metaspace       used 59949K, committed 61312K, reserved 1114112K
  class space    used 8141K, committed 8768K, reserved 1048576K
}
Event: 12.340 GC heap after
{Heap after GC invocations=31 (full 0):
 garbage-first heap   total 1193984K, used 302927K [0x0000000721a00000, 0x0000000800000000)
  region size 2048K, 9 young (18432K), 9 survivors (18432K)
 Metaspace       used 59949K, committed 61312K, reserved 1114112K
  class space    used 8141K, committed 8768K, reserved 1048576K
}
Event: 12.415 GC heap before
{Heap before GC invocations=31 (full 0):
 garbage-first heap   total 1193984K, used 960335K [0x0000000721a00000, 0x0000000800000000)
  region size 2048K, 331 young (677888K), 9 survivors (18432K)
 Metaspace       used 60015K, committed 61376K, reserved 1114112K
  class space    used 8166K, committed 8768K, reserved 1048576K
}

